Started GET "/" for ::1 at 2022-01-01 18:20:56 +0200
  [1m[35m (1.0ms)[0m  [1m[34mSELECT sqlite_version(*)[0m
Processing by Rails::WelcomeController#index as HTML
  Rendering /home/kareem/.rvm/gems/ruby-3.0.0/gems/railties-7.0.0/lib/rails/templates/rails/welcome/index.html.erb
  Rendered /home/kareem/.rvm/gems/ruby-3.0.0/gems/railties-7.0.0/lib/rails/templates/rails/welcome/index.html.erb (Duration: 2.6ms | Allocations: 725)
Completed 200 OK in 16ms (Views: 7.4ms | ActiveRecord: 0.0ms | Allocations: 6984)


Started GET "/" for ::1 at 2022-01-01 18:21:07 +0200
Processing by Rails::WelcomeController#index as HTML
  Rendering /home/kareem/.rvm/gems/ruby-3.0.0/gems/railties-7.0.0/lib/rails/templates/rails/welcome/index.html.erb
  Rendered /home/kareem/.rvm/gems/ruby-3.0.0/gems/railties-7.0.0/lib/rails/templates/rails/welcome/index.html.erb (Duration: 1.1ms | Allocations: 357)
Completed 200 OK in 9ms (Views: 8.6ms | ActiveRecord: 0.0ms | Allocations: 1232)


Started GET "/articles" for ::1 at 2022-01-01 18:24:04 +0200
  [1m[35m (1.2ms)[0m  [1m[34mSELECT sqlite_version(*)[0m
  
ActionController::RoutingError (uninitialized constant ArticlesController
Did you mean?  ARticlesController):
  
Started GET "/" for ::1 at 2022-01-01 18:24:19 +0200
Processing by Rails::WelcomeController#index as HTML
  Rendering /home/kareem/.rvm/gems/ruby-3.0.0/gems/railties-7.0.0/lib/rails/templates/rails/welcome/index.html.erb
  Rendered /home/kareem/.rvm/gems/ruby-3.0.0/gems/railties-7.0.0/lib/rails/templates/rails/welcome/index.html.erb (Duration: 0.7ms | Allocations: 360)
Completed 200 OK in 6ms (Views: 1.9ms | ActiveRecord: 0.0ms | Allocations: 3722)


Started GET "/" for ::1 at 2022-01-01 18:24:21 +0200
Processing by Rails::WelcomeController#index as HTML
  Rendering /home/kareem/.rvm/gems/ruby-3.0.0/gems/railties-7.0.0/lib/rails/templates/rails/welcome/index.html.erb
  Rendered /home/kareem/.rvm/gems/ruby-3.0.0/gems/railties-7.0.0/lib/rails/templates/rails/welcome/index.html.erb (Duration: 1.3ms | Allocations: 354)
Completed 200 OK in 4ms (Views: 3.1ms | ActiveRecord: 0.0ms | Allocations: 1229)


Started GET "/" for ::1 at 2022-01-01 18:24:23 +0200
Processing by Rails::WelcomeController#index as HTML
  Rendering /home/kareem/.rvm/gems/ruby-3.0.0/gems/railties-7.0.0/lib/rails/templates/rails/welcome/index.html.erb
  Rendered /home/kareem/.rvm/gems/ruby-3.0.0/gems/railties-7.0.0/lib/rails/templates/rails/welcome/index.html.erb (Duration: 0.1ms | Allocations: 22)
Completed 200 OK in 1ms (Views: 0.6ms | ActiveRecord: 0.0ms | Allocations: 296)


Started GET "/articles" for ::1 at 2022-01-01 18:24:43 +0200
  
ActionController::RoutingError (uninitialized constant ArticlesController
Did you mean?  ARticlesController):
  
Started GET "/" for 127.0.0.1 at 2022-01-01 18:27:55 +0200
  [1m[35m (0.5ms)[0m  [1m[34mSELECT sqlite_version(*)[0m
Processing by Rails::WelcomeController#index as HTML
  Rendering /home/kareem/.rvm/gems/ruby-3.0.0/gems/railties-7.0.0/lib/rails/templates/rails/welcome/index.html.erb
  Rendered /home/kareem/.rvm/gems/ruby-3.0.0/gems/railties-7.0.0/lib/rails/templates/rails/welcome/index.html.erb (Duration: 1.4ms | Allocations: 621)
Completed 200 OK in 10ms (Views: 3.5ms | ActiveRecord: 0.0ms | Allocations: 5736)


Started GET "/articles" for 127.0.0.1 at 2022-01-01 18:28:03 +0200
Processing by ArticlesController#index as HTML
  Rendering layout layouts/application.html.erb
  Rendering articles/index.html.erb within layouts/application
  Rendered articles/index.html.erb within layouts/application (Duration: 0.6ms | Allocations: 124)
  Rendered layout layouts/application.html.erb (Duration: 216.3ms | Allocations: 97095)
Completed 200 OK in 218ms (Views: 217.6ms | ActiveRecord: 0.0ms | Allocations: 98208)


